<?xml version="1.0" encoding="UTF-8"?>
<testng-results ignored="0" total="5" passed="5" failed="0" skipped="0">
  <reporter-output>
  </reporter-output>
  <suite started-at="2021-10-14T19:53:25Z" name="Default suite" finished-at="2021-10-14T19:54:50Z" duration-ms="85436">
    <groups>
    </groups>
    <test started-at="2021-10-14T19:53:25Z" name="Default test" finished-at="2021-10-14T19:54:50Z" duration-ms="85436">
      <class name="com.task.Flipkart">
        <test-method is-config="true" signature="beforeClass()[pri:0, instance:com.task.Flipkart@71e693fa]" started-at="2021-10-15T01:23:25Z" name="beforeClass" finished-at="2021-10-15T01:24:08Z" duration-ms="43276" status="PASS">
          <reporter-output>
          </reporter-output>
        </test-method> <!-- beforeClass -->
        <test-method is-config="true" signature="beforeMethod()[pri:0, instance:com.task.Flipkart@71e693fa]" started-at="2021-10-15T01:24:08Z" name="beforeMethod" finished-at="2021-10-15T01:24:08Z" duration-ms="1" status="PASS">
          <reporter-output>
          </reporter-output>
        </test-method> <!-- beforeMethod -->
        <test-method signature="login()[pri:-1, instance:com.task.Flipkart@71e693fa]" started-at="2021-10-15T01:24:08Z" name="login" finished-at="2021-10-15T01:24:12Z" duration-ms="3963" status="PASS">
          <reporter-output>
          </reporter-output>
        </test-method> <!-- login -->
        <test-method is-config="true" signature="afterMethod()[pri:0, instance:com.task.Flipkart@71e693fa]" started-at="2021-10-15T01:24:12Z" name="afterMethod" finished-at="2021-10-15T01:24:12Z" duration-ms="2" status="PASS">
          <reporter-output>
          </reporter-output>
        </test-method> <!-- afterMethod -->
        <test-method signature="search()[pri:1, instance:com.task.Flipkart@71e693fa]" started-at="2021-10-15T01:24:12Z" name="search" finished-at="2021-10-15T01:24:18Z" duration-ms="6440" status="PASS">
          <reporter-output>
          </reporter-output>
        </test-method> <!-- search -->
        <test-method is-config="true" signature="beforeMethod()[pri:0, instance:com.task.Flipkart@71e693fa]" started-at="2021-10-15T01:24:12Z" name="beforeMethod" finished-at="2021-10-15T01:24:12Z" duration-ms="0" status="PASS">
          <reporter-output>
          </reporter-output>
        </test-method> <!-- beforeMethod -->
        <test-method is-config="true" signature="afterMethod()[pri:0, instance:com.task.Flipkart@71e693fa]" started-at="2021-10-15T01:24:18Z" name="afterMethod" finished-at="2021-10-15T01:24:18Z" duration-ms="0" status="PASS">
          <reporter-output>
          </reporter-output>
        </test-method> <!-- afterMethod -->
        <test-method is-config="true" signature="beforeMethod()[pri:0, instance:com.task.Flipkart@71e693fa]" started-at="2021-10-15T01:24:18Z" name="beforeMethod" finished-at="2021-10-15T01:24:18Z" duration-ms="1" status="PASS">
          <reporter-output>
          </reporter-output>
        </test-method> <!-- beforeMethod -->
        <test-method signature="getText()[pri:2, instance:com.task.Flipkart@71e693fa]" started-at="2021-10-15T01:24:18Z" name="getText" finished-at="2021-10-15T01:24:28Z" duration-ms="9601" status="PASS">
          <reporter-output>
          </reporter-output>
        </test-method> <!-- getText -->
        <test-method is-config="true" signature="afterMethod()[pri:0, instance:com.task.Flipkart@71e693fa]" started-at="2021-10-15T01:24:28Z" name="afterMethod" finished-at="2021-10-15T01:24:28Z" duration-ms="0" status="PASS">
          <reporter-output>
          </reporter-output>
        </test-method> <!-- afterMethod -->
        <test-method is-config="true" signature="beforeMethod()[pri:0, instance:com.task.Flipkart@71e693fa]" started-at="2021-10-15T01:24:28Z" name="beforeMethod" finished-at="2021-10-15T01:24:28Z" duration-ms="1" status="PASS">
          <reporter-output>
          </reporter-output>
        </test-method> <!-- beforeMethod -->
        <test-method signature="windows()[pri:3, instance:com.task.Flipkart@71e693fa]" started-at="2021-10-15T01:24:28Z" name="windows" finished-at="2021-10-15T01:24:46Z" duration-ms="18369" status="PASS">
          <reporter-output>
          </reporter-output>
        </test-method> <!-- windows -->
        <test-method is-config="true" signature="afterMethod()[pri:0, instance:com.task.Flipkart@71e693fa]" started-at="2021-10-15T01:24:46Z" name="afterMethod" finished-at="2021-10-15T01:24:46Z" duration-ms="1" status="PASS">
          <reporter-output>
          </reporter-output>
        </test-method> <!-- afterMethod -->
        <test-method is-config="true" signature="beforeMethod()[pri:0, instance:com.task.Flipkart@71e693fa]" started-at="2021-10-15T01:24:46Z" name="beforeMethod" finished-at="2021-10-15T01:24:46Z" duration-ms="2" status="PASS">
          <reporter-output>
          </reporter-output>
        </test-method> <!-- beforeMethod -->
        <test-method signature="screenshot()[pri:4, instance:com.task.Flipkart@71e693fa]" started-at="2021-10-15T01:24:46Z" name="screenshot" finished-at="2021-10-15T01:24:48Z" duration-ms="1294" status="PASS">
          <reporter-output>
          </reporter-output>
        </test-method> <!-- screenshot -->
        <test-method is-config="true" signature="afterMethod()[pri:0, instance:com.task.Flipkart@71e693fa]" started-at="2021-10-15T01:24:48Z" name="afterMethod" finished-at="2021-10-15T01:24:48Z" duration-ms="3" status="PASS">
          <reporter-output>
          </reporter-output>
        </test-method> <!-- afterMethod -->
        <test-method is-config="true" signature="afterClass()[pri:0, instance:com.task.Flipkart@71e693fa]" started-at="2021-10-15T01:24:48Z" name="afterClass" finished-at="2021-10-15T01:24:50Z" duration-ms="2249" status="PASS">
          <reporter-output>
          </reporter-output>
        </test-method> <!-- afterClass -->
      </class> <!-- com.task.Flipkart -->
    </test> <!-- Default test -->
  </suite> <!-- Default suite -->
</testng-results>
