<?xml version="1.0" encoding="UTF-8"?>
<!-- Generated by org.testng.reporters.JUnitXMLReporter -->
<testsuite ignored="0" hostname="LAPTOP-NDL7GJ58" failures="0" tests="5" name="Default test" time="85.436" errors="0" timestamp="14 Oct 2021 19:54:51 GMT">
  <testcase classname="com.task.Flipkart" name="login" time="3.963"/>
  <testcase classname="com.task.Flipkart" name="search" time="6.44"/>
  <testcase classname="com.task.Flipkart" name="getText" time="9.601"/>
  <testcase classname="com.task.Flipkart" name="windows" time="18.369"/>
  <testcase classname="com.task.Flipkart" name="screenshot" time="1.294"/>
</testsuite> <!-- Default test -->
